-0.147638   -0.193088   -0.19736
-0.0242899   0.307903   0.0690136
0.232352   -0.247007   -0.120207
-0.471769   0.328543   0.447279
0.226856   -0.451121   -0.447613
0.0231314   -0.245406   -0.127183
-0.0646597   -0.155356   -0.199661
-0.254487   -0.0782096   0.322914
-0.27596   0.129504   0.185844
-0.458089   0.345389   -0.272092
0.147493   0.467649   -0.0783524
-0.432103   -0.092665   -0.28624
-0.290913   -0.307632   -0.32119
-0.191878   0.369421   0.418282
0.025753   0.43069   0.104
0.216986   -0.030611   0.41031
0.0552721   -0.320113   0.367959
-0.158787   0.354808   -0.33021
0.0774827   0.0288602   -0.111139
0.168304   -0.0990461   0.471584
-0.0804567   -0.362939   -0.116071
0.306971   -0.440635   0.0373878
0.468217   0.453623   -0.1142
-0.062961   0.21031   -0.430141
0.309479   0.330948   -0.477172
0.430177   -0.104444   -0.22869
0.18788   -0.0314638   -0.294587
-0.237893   -0.333803   -0.0795323
0.464939   0.221914   -0.441671
0.447375   0.402871   -0.322104
-0.150837   -0.411375   -0.44098
-0.44566   -0.258021   -0.181335
-0.425666   0.195939   -0.0971478
0.470799   -0.255653   0.329572
0.06312   -0.0864518   -0.164086
-0.47751   0.0293803   0.00801374
0.173821   0.394982   -0.358315
-0.474357   -0.339491   -0.250531
-0.0120089   0.336851   -0.379153
0.0294664   -0.466723   -0.0479153
-0.0913631   -0.168794   -0.452371
-0.302361   0.125576   -0.186625
-0.202203   -0.115458   -0.153247
-0.492465   0.0407605   0.0886848
0.258451   0.0627396   0.438916
-0.425167   -0.497899   -0.329742
-0.165722   0.472443   0.196844
0.381018   -0.19667   0.156107
0.448085   0.013053   0.255263
-0.229436   -0.0622888   0.490761
-0.410356   0.401794   0.460576
0.0899138   0.380518   0.0728379
0.311944   0.409621   0.137817
-0.417832   -0.353662   -0.185906
-0.299793   0.377225   -0.326552
0.148393   -0.172311   -0.408177
0.444329   0.473932   0.347317
0.490291   0.171076   -0.351166
-0.484734   -0.0755914   -0.231228
-0.422056   -0.435511   -0.169767
-0.36479   0.133979   0.335121
0.178697   0.472643   -0.48627
-0.462415   0.413533   -0.148429
0.300454   0.162956   -0.499539
0.290483   -0.462126   -0.0437776
-0.419724   0.48191   -0.0599194
0.0765564   -0.0171343   0.481873
-0.155786   -0.0125383   -0.010826
0.378105   -0.165753   0.0528562
-0.311455   -0.430307   -0.211645
0.239668   -0.481712   -0.126253
0.179544   -0.407799   -0.0547428
0.378294   -0.035489   0.105278
-0.259329   0.28948   -0.355977
-0.402267   0.233071   -0.176376
0.432748   0.039283   0.464809
0.0633283   0.0997991   0.455567
0.211836   0.288697   -0.47042
-0.118409   0.0149459   -0.0989574
-0.471203   -0.495787   -0.137995
-0.424348   -0.284358   0.0682643
0.211639   0.41799   0.00151543
-0.381221   -0.273687   0.333908
0.282859   0.000501921   -0.130504
-0.486311   -0.12995   0.0528937
0.214904   -0.379536   0.469871
-0.318702   -0.0855031   0.131137
0.0976903   0.0585295   0.285364
-0.390412   0.38077   -0.0472846
-0.0796292   0.446127   -0.396747
0.100298   0.172702   0.230155
-0.491969   -0.21173   0.137636
-0.231365   0.437891   -0.240328
0.404375   0.43168   -0.482054
0.110941   -0.212662   0.168837
-0.0508118   -0.221995   0.278893
0.162276   0.457663   0.18221
-0.0653067   -0.0755234   -0.482094
0.166056   -0.155314   -0.320788
0.179212   -0.00978522   -0.499287
-0.473832   0.44337   0.0524069
-0.229388   -0.43056   -0.447042
-0.114131   -0.472623   0.443595
0.249049   0.0434518   -0.250201
-0.466298   -0.0694292   -0.364649
-0.296705   0.46637   -0.194031
-0.128337   -0.230242   0.192341
-0.331752   0.485317   -0.296016
