0.601246   -0.370385   -0.440408
0.590944   0.457666   -0.11944
1.22258   1.15434   -3.1005
0.240851   -1.13827   -1.80286
-1.21233   -0.57645   0.83251
-2.14729   -0.538986   0.632824
-0.541152   0.00871999   -1.23545
0.18743   0.351368   -0.0346468
-2.17568   -0.662658   1.84798
-0.483357   1.50936   -0.865898
0.348728   -0.0573902   2.22332
-0.49428   -1.03216   -0.527543
-0.296786   -0.740654   -0.754052
0.118041   1.55873   1.31565
-0.824153   -1.58482   -0.14755
1.39376   0.697565   -0.994432
2.01253   1.35975   -0.937674
-2.52772   0.379978   -1.00732
0.183829   -0.886476   0.951679
-2.09458   0.0177422   0.0904837
0.0658005   0.489608   -1.56373
-0.220105   -0.345186   -1.422
-1.20569   1.8894   -0.465781
-0.121858   -0.232075   -1.2957
-1.14581   1.81025   0.0597766
-0.318929   -1.84593   0.637663
1.29827   -0.0348473   0.33315
0.899632   -0.697654   0.464901
0.343381   0.359934   0.163022
-1.71221   1.87298   -0.830898
-0.0473808   0.856313   -0.486387
0.592579   -0.0562267   1.15155
-1.5563   -0.15828   4.27997
-0.0830522   -1.22112   -0.204475
-0.0518664   0.578683   -0.43405
-1.31216   -2.08765   -0.271138
0.899598   -0.418534   -1.12208
1.10211   0.921194   1.25965
0.776815   0.947319   -1.66708
0.966137   0.621287   -0.759713
0.183061   -0.251124   -0.722649
-0.580609   0.354062   -0.238414
1.81915   0.456557   -0.305912
1.98085   0.0587819   -0.415675
-0.526744   0.417037   0.874188
-0.00458122   0.318666   -1.33505
-0.739929   -0.276747   0.85748
-1.59519   0.473927   -0.488871
0.745872   -0.168182   -2.77898
0.920423   0.675855   0.311239
-2.13805   -0.79643   1.95586
-0.505529   1.24627   -0.422681
1.04205   1.41408   -0.186922
0.225432   0.689013   0.727001
1.65466   -1.99677   -2.06978
0.836939   0.013238   -1.08451
-0.28902   0.662244   0.728769
0.90735   0.138825   0.42451
1.31035   -0.483977   1.0597
-0.152572   -0.307574   -0.719151
0.784484   -1.85422   0.910746
1.40559   -1.98867   0.0325909
1.53786   -0.156497   -0.31969
-0.847443   -0.428461   -0.132686
-1.28141   -1.12515   0.988756
0.514561   1.6453   0.615024
-0.120932   0.612169   -1.51796
-0.315827   0.437758   -0.361761
0.54753   -0.406553   -1.44917
-0.0280963   0.255311   -0.577129
-0.284627   -1.71911   -0.701852
-0.88509   -0.544391   0.874276
-0.918532   2.77633   1.97289
-0.107475   0.280695   -0.379286
0.0873302   -0.581915   0.767502
-0.385692   1.0116   0.888496
0.282057   1.74426   0.894736
1.19811   1.7537   0.253805
2.84885   -0.326978   0.137922
2.66436   -0.475755   0.82922
-0.307863   -1.87881   3.46141
1.09198   -1.19729   0.523139
0.430098   -1.70946   0.600756
-0.146881   -0.136768   0.542224
-2.06554   0.0380964   -0.589926
-1.14056   -0.174014   1.69131
0.025801   0.332104   0.768362
0.688381   0.475313   2.23462
1.9244   -1.15227   1.21229
-0.202291   -1.51824   -0.662644
0.447929   -0.185615   1.7349
-0.32714   -0.799056   0.432262
-1.08368   0.665804   1.52372
-0.0904561   0.0999673   1.06939
0.110359   -1.97501   -1.85855
0.0252893   1.25638   0.898017
0.0292158   0.739952   -0.493061
-1.61963   -0.753582   -0.104132
1.044   -0.0691479   -1.83758
1.95287   0.740312   -0.0671641
-2.26404   -0.159699   -1.40972
-0.913549   0.391969   1.28708
1.06076   -0.843201   -1.85878
-1.06291   0.245736   -0.203707
-0.130422   -0.314104   -0.170483
-0.902394   -0.540648   -1.13203
-0.189474   0.757812   0.710838
-1.44532   0.959858   -1.95245
