0.444809   0.459199   0.361072
-0.376698   -0.387023   0.310754
0.44446   -0.361218   -0.487853
-0.38284   0.470555   0.496929
-0.21443   0.468818   0.317818
-0.0532256   -0.370475   0.356594
-0.221317   -0.366546   -0.490488
-0.0529843   0.447001   -0.473182
0.11424   0.463646   0.352223
0.276255   -0.358938   0.36296
0.10374   -0.36539   -0.490862
0.264411   0.468785   -0.483333
0.438042   -0.213645   0.339345
-0.402516   -0.0438472   0.326535
0.463534   -0.0366557   0.49976
-0.392153   -0.206692   0.491844
-0.226268   -0.198444   0.333574
-0.0558057   -0.0350025   0.347646
-0.237851   -0.0389039   -0.49839
-0.0480345   -0.193183   -0.496483
0.111463   -0.203621   0.340332
0.269924   -0.0357734   0.35237
0.120215   -0.0233058   0.495929
0.281971   -0.183661   -0.478067
0.429209   0.124948   0.333168
-0.395819   0.306047   0.338668
0.451892   0.296064   -0.493093
-0.392897   0.144939   0.4994
-0.240358   0.127475   0.343258
-0.0617524   0.290253   0.344769
-0.220682   0.309922   0.486161
-0.0513135   0.11773   0.494975
0.115183   0.131407   0.336549
0.27815   0.300359   0.346175
0.104121   0.28759   -0.490096
0.293112   0.12802   -0.491058
0.450834   0.466322   -0.335541
-0.384879   -0.375526   -0.324614
0.44909   -0.382737   -0.156374
-0.390772   0.457726   -0.181259
-0.224206   0.467447   -0.331555
-0.0501385   -0.391607   -0.331278
-0.23187   -0.367676   -0.166723
-0.0473317   0.473013   -0.154842
0.109578   0.4409   -0.323996
0.28029   -0.349739   -0.323985
0.121058   -0.383078   -0.166271
0.281364   0.465059   -0.169257
0.445834   -0.20741   -0.328356
-0.378891   -0.0656609   -0.340979
0.433055   -0.0387117   -0.167614
-0.394856   -0.193966   -0.170503
-0.212907   -0.219295   -0.31206
-0.0550018   -0.0367076   -0.325668
-0.232595   -0.00525552   -0.161171
-0.052545   -0.216916   -0.155752
0.121229   -0.201881   -0.331525
0.302001   -0.0283814   -0.342684
0.0947495   -0.0467722   -0.154028
0.281003   -0.199759   -0.164534
0.468755   0.118702   -0.327948
-0.385887   0.305653   -0.334088
0.43243   0.308761   -0.159582
-0.38248   0.156966   -0.151129
-0.230809   0.121769   -0.34844
-0.0475676   0.284612   -0.318258
-0.198171   0.317697   -0.175557
-0.0355784   0.142846   -0.153348
0.120436   0.123063   -0.329104
0.28527   0.287363   -0.320176
0.121188   0.296348   -0.158727
0.247958   0.123589   -0.165338
0.448468   0.469495   0.0196134
-0.372803   -0.367124   0.0104323
0.450154   -0.375142   0.173034
-0.381302   0.45568   0.152921
-0.211397   0.451626   0.00680986
-0.0488718   -0.365535   0.00869042
-0.220364   -0.359014   0.15837
-0.0241317   0.461494   0.17638
0.133594   0.481266   0.0196403
0.296616   -0.378218   0.0202739
0.115077   -0.360419   0.188557
0.286505   0.459   0.188319
0.446249   -0.18929   -0.000432971
-0.384693   -0.0254814   0.011358
0.443211   -0.0331822   0.164378
-0.389862   -0.201962   0.155524
-0.222155   -0.181202   0.0253666
-0.0591672   -0.0212641   0.0130361
-0.226526   -0.0240316   0.201534
-0.0416936   -0.207248   0.17235
0.100357   -0.204423   -0.00186679
0.270511   -0.0467182   0.00116939
0.104072   -0.0444779   0.181132
0.264427   -0.211146   0.179229
0.414359   0.151846   0.00568228
-0.402005   0.298467   0.0226615
0.433048   0.301329   0.175267
-0.402862   0.120547   0.189266
-0.208361   0.157681   -0.00886247
-0.0459433   0.288337   0.011765
-0.226996   0.278915   0.165294
-0.0413148   0.150977   0.177054
0.122611   0.130799   0.00126781
0.269884   0.32139   0.00441289
0.117605   0.291297   0.176548
0.267747   0.126861   0.172091
