-0.0170976   -0.209859   -0.343598
1.07071   -1.30263   -0.905122
1.07309   0.96381   0.981913
0.187379   0.991984   0.185239
-0.879472   -0.15201   -0.983488
-0.117218   0.0166748   -0.715896
-0.782747   -0.965421   -2.2868
-1.56557   -1.33744   -0.127216
-0.126901   -1.49807   0.091976
1.16333   0.837349   -0.288247
0.170318   0.0868876   1.43167
-0.181742   0.822493   1.17389
0.293249   0.119336   0.59243
-0.740557   0.687308   -0.731493
-0.675699   -0.321059   0.635554
1.14525   1.4429   1.08763
-0.425695   -0.089365   -0.659949
0.371412   1.68577   0.889192
0.47448   -0.136112   0.179241
0.155562   0.435579   0.430599
1.06789   -1.69931   -0.853958
-0.668324   -1.23738   1.08084
-0.804731   1.30514   1.03485
1.79192   -0.503409   0.991865
1.60623   0.918213   -1.01047
0.290302   0.531182   0.329267
0.282339   0.600784   -2.31798
0.150552   0.97059   -0.2978
1.28056   0.230349   -0.99352
2.8662   -0.96672   0.20275
1.13167   -0.890625   -0.277807
0.540101   -0.865291   -0.506105
-0.102948   0.290588   0.703301
0.854143   1.96741   -0.476937
0.742919   -0.2692   -0.77274
-1.44503   -0.201121   0.792077
-0.512042   0.0280315   0.643543
1.86441   -0.920413   2.19358
-0.332449   -1.14966   0.281132
-0.752984   0.497876   -0.978684
-0.658738   1.67163   1.01306
-0.415137   -1.35805   0.339144
-0.143195   1.35285   -0.450215
-1.25148   1.37598   -0.80236
0.485818   -0.700738   0.574073
-1.31831   0.374083   0.161115
0.97296   0.491539   -0.663592
0.0994686   1.0912   1.46095
0.301432   -0.476824   -1.07051
-0.615929   -0.696036   -0.733734
-0.420487   0.431978   -0.684788
-2.05376   -0.0113729   -0.277496
0.937967   -0.54479   -0.0240235
-0.126489   -0.0765402   -1.00528
-0.0611001   0.92328   1.23378
-0.53765   1.73031   1.44673
0.219468   -0.265124   -0.259522
-0.311104   0.0930139   -0.437152
0.467644   -1.6106   0.952886
0.305584   0.400036   0.684363
-1.2553   -0.117159   0.0577109
-0.595991   1.03374   -0.799963
-1.62431   0.0313432   -1.18848
-1.21796   -0.433552   -0.633107
0.996579   -1.08679   -0.285631
-0.243971   0.70421   0.196816
0.632054   0.980591   1.21857
-0.0662472   0.800338   0.819074
0.456234   -1.55602   1.73725
0.0186753   -0.893193   -0.706449
-0.996391   -0.90485   -1.18554
-0.303251   -1.70982   -0.675608
-0.00891228   -1.96474   0.266214
0.312618   0.767582   0.106168
-0.847889   -1.21408   1.21477
-0.262631   0.196206   -0.838776
1.32443   0.451887   -0.595292
-0.457447   0.55101   -1.04979
0.363411   0.326592   -0.270027
-1.34268   0.0578808   -0.770294
1.32686   -0.514627   0.417185
0.826635   0.057015   -0.462662
-0.051295   -0.0866821   -1.2942
-0.594184   0.192095   0.114176
-0.837819   -1.25463   -0.0227897
-0.770369   0.801324   0.705758
2.13522   -0.344185   -0.728858
-0.851931   0.564029   0.560131
-1.47544   0.450986   0.451047
-0.37177   -0.124741   -0.553301
0.816512   -0.231271   0.334547
0.475134   0.653193   0.588584
-0.151551   -0.0404628   1.4453
-1.44316   0.689247   1.72746
-0.0251501   -0.443679   0.169038
0.434979   -0.778229   -0.195546
-1.25429   0.804285   0.696124
-0.206213   -0.708122   -0.684621
0.0372684   0.41681   2.03752
-0.300226   0.1847   -1.56782
0.151121   -1.4234   0.560084
1.03023   -0.709805   0.544347
-0.277083   1.4169   -1.27976
0.955491   -1.15687   -0.600861
-2.02104   1.03743   -1.72837
0.785078   -0.442125   -0.550732
-0.0058254   0.684416   -0.146276
0.462028   -0.625789   0.984716
